#
# A fatal error has been detected by the Java Runtime Environment:
#
#  SIGSEGV (0xb) at pc=0x00000001137c42e3, pid=5941, tid=0x0000000000000307
#
# JRE version: Java(TM) SE Runtime Environment (8.0_111-b14) (build 1.8.0_111-b14)
# Java VM: Java HotSpot(TM) 64-Bit Server VM (25.111-b14 mixed mode bsd-amd64 compressed oops)
# Problematic frame:
# C  [libglfw.dylib+0x72e3]
[error occurred during error reporting (printing problematic frame), id 0xe0000000]

# Failed to write core dump. Core dumps have been disabled. To enable core dumping, try "ulimit -c unlimited" before starting Java again
#
# If you would like to submit a bug report, please visit:
#   http://bugreport.java.com/bugreport/crash.jsp
# The crash happened outside the Java Virtual Machine in native code.
# See problematic frame for where to report the bug.
#

---------------  T H R E A D  ---------------

Current thread (0x00007fff27800800):  JavaThread "main" [_thread_in_native, id=775, stack(0x00007fff559f0000,0x00007fff561f0000)]

siginfo: si_signo: 11 (SIGSEGV), si_code: 1 (SEGV_MAPERR), si_addr: 0x0000000000000000

Registers:
RAX=0x0000000000000000, RBX=0x00007fff26c40540, RCX=0x0000000000000000, RDX=0x0000000000000000
RSP=0x00007fff561ecea0, RBP=0x00007fff561eceb0, RSI=0x00007fff9f3329f0, RDI=0x00007fff2801f0e0
R8 =0x00007fff26e2b100, R9 =0x0000000000000000, R10=0x00007fffbbd912c0, R11=0x00007fff26c00ed0
R12=0x0000000000000000, R13=0x00007fff561ecf20, R14=0x00007fff561ecef0, R15=0x00007fff27800800
RIP=0x00000001137c42e3, EFLAGS=0x0000000000010287, ERR=0x0000000000000004
  TRAPNO=0x000000000000000e

Top of Stack: (sp=0x00007fff561ecea0)
0x00007fff561ecea0:   0000000110699220 0000000110699220
0x00007fff561eceb0:   00007fff561ecf00 0000000119384876
0x00007fff561ecec0:   00007fff561ecf00 00000001137ca970
0x00007fff561eced0:   00000001137d0ce8 00000001106178e0
0x00007fff561ecee0:   0000000110617f20 0000000110617f20
0x00007fff561ecef0:   00000007959b4810 00000001193800fd
0x00007fff561ecf00:   00007fff561ecf80 00000001191832bd
0x00007fff561ecf10:   00007fff561ecf80 00000001191832bd
0x00007fff561ecf20:   00007fff26c40540 0000000119182dd0
0x00007fff561ecf30:   00000001137c41f0 0000000000000001
0x00007fff561ecf40:   00007fff561ecf40 0000000110614f01
0x00007fff561ecf50:   00007fff561ecfa8 000000011061b6e0
0x00007fff561ecf60:   0000000000000000 0000000110614f28
0x00007fff561ecf70:   00007fff561ecf20 00007fff561ecfa0
0x00007fff561ecf80:   00007fff561ecff0 00000001191832bd
0x00007fff561ecf90:   00000001137c41f0 0000000000000000
0x00007fff561ecfa0:   00007fff26c40540 0000000000000001
0x00007fff561ecfb0:   00007fff561ecfb0 000000011060d55d
0x00007fff561ecfc0:   00007fff561ed020 000000011060d798
0x00007fff561ecfd0:   0000000000000000 000000011060d670
0x00007fff561ecfe0:   00007fff561ecfa0 00007fff561ed020
0x00007fff561ecff0:   00007fff561ed068 00000001191832bd
0x00007fff561ed000:   000000003ca3d70c 000000003e851eba
0x00007fff561ed010:   00007fff26c40540 0000000000000000
0x00007fff561ed020:   00000007955f2d08 00007fff561ed028
0x00007fff561ed030:   000000011060d723 00007fff561ed078
0x00007fff561ed040:   000000011060d798 0000000000000000
0x00007fff561ed050:   000000011060d740 00007fff561ed020
0x00007fff561ed060:   00007fff561ed078 00007fff561ed0e0
0x00007fff561ed070:   000000011917b7a7 00000007955f2cf8
0x00007fff561ed080:   0000000100001fa0 000000000000000a
0x00007fff561ed090:   00007fff27800800 0000000000000001 

Instructions: (pc=0x00000001137c42e3)
0x00000001137c42c3:   e8 f8 d1 ff ff 48 89 df e8 90 56 00 00 b8 b8 00
0x00000001137c42d3:   00 00 48 03 05 6c ad 00 00 0f 1f 40 00 48 89 c1
0x00000001137c42e3:   48 8b 01 48 39 d8 75 f5 48 8b 03 48 89 01 48 89
0x00000001137c42f3:   df 48 83 c4 08 5b 5d e9 4f 7b 00 00 bf 01 00 01 

Register to memory mapping:

RAX=0x0000000000000000 is an unknown value
RBX=0x00007fff26c40540 is an unknown value
RCX=0x0000000000000000 is an unknown value
RDX=0x0000000000000000 is an unknown value
RSP=0x00007fff561ecea0 is pointing into the stack for thread: 0x00007fff27800800
RBP=0x00007fff561eceb0 is pointing into the stack for thread: 0x00007fff27800800
RSI=0x00007fff9f3329f0: __NSStyleNameIndexTable+0x773a9 in /System/Library/Frameworks/AppKit.framework/Versions/C/AppKit at 0x00007fff9e6d4000
RDI=0x00007fff2801f0e0 is an unknown value
R8 =0x00007fff26e2b100 is an unknown value
R9 =0x0000000000000000 is an unknown value
R10=0x00007fffbbd912c0: OBJC_CLASS_$_NSAutoreleasePool+0 in /System/Library/Frameworks/Foundation.framework/Versions/C/Foundation at 0x00007fffa25db000
R11=0x00007fff26c00ed0 is an unknown value
R12=0x0000000000000000 is an unknown value
R13=0x00007fff561ecf20 is pointing into the stack for thread: 0x00007fff27800800
R14=0x00007fff561ecef0 is pointing into the stack for thread: 0x00007fff27800800
R15=0x00007fff27800800 is a thread


Stack: [0x00007fff559f0000,0x00007fff561f0000],  sp=0x00007fff561ecea0,  free space=8179k
Native frames: (J=compiled Java code, j=interpreted, Vv=VM code, C=native code)
C  [libglfw.dylib+0x72e3]
[error occurred during error reporting (printing native stack), id 0xe0000000]

Java frames: (J=compiled Java code, j=interpreted, Vv=VM code)
J 413  org.lwjgl.system.JNI.invokePV(JJ)V (0 bytes) @ 0x0000000119384804 [0x00000001193847c0+0x44]
j  org.lwjgl.glfw.GLFW.glfwDestroyWindow(J)V+17
j  Game.Sabir.Main.<init>()V+157
j  Game.Sabir.Main.main([Ljava/lang/String;)V+3
v  ~StubRoutines::call_stub

---------------  P R O C E S S  ---------------

Java Threads: ( => current thread )
  0x00007fff2803e800 JavaThread "Service Thread" daemon [_thread_blocked, id=17923, stack(0x000070000f4c9000,0x000070000f5c9000)]
  0x00007fff28801000 JavaThread "C1 CompilerThread2" daemon [_thread_blocked, id=17411, stack(0x000070000f3c6000,0x000070000f4c6000)]
  0x00007fff2803d800 JavaThread "C2 CompilerThread1" daemon [_thread_blocked, id=16899, stack(0x000070000f2c3000,0x000070000f3c3000)]
  0x00007fff2803c000 JavaThread "C2 CompilerThread0" daemon [_thread_blocked, id=16387, stack(0x000070000f1c0000,0x000070000f2c0000)]
  0x00007fff28048000 JavaThread "Signal Dispatcher" daemon [_thread_blocked, id=15879, stack(0x000070000f0bd000,0x000070000f1bd000)]
  0x00007fff28012000 JavaThread "Finalizer" daemon [_thread_blocked, id=12291, stack(0x000070000efba000,0x000070000f0ba000)]
  0x00007fff2800f800 JavaThread "Reference Handler" daemon [_thread_blocked, id=11779, stack(0x000070000eeb7000,0x000070000efb7000)]
=>0x00007fff27800800 JavaThread "main" [_thread_in_native, id=775, stack(0x00007fff559f0000,0x00007fff561f0000)]

Other Threads:
  0x00007fff2800b000 VMThread [stack: 0x000070000edb4000,0x000070000eeb4000] [id=11267]
  0x00007fff27811000 WatcherThread [stack: 0x000070000f5cc000,0x000070000f6cc000] [id=18435]

VM state:not at safepoint (normal execution)

VM Mutex/Monitor currently owned by a thread: None

Heap:
 PSYoungGen      total 38400K, used 8070K [0x0000000795580000, 0x0000000798000000, 0x00000007c0000000)
  eden space 33280K, 24% used [0x0000000795580000,0x0000000795d61b68,0x0000000797600000)
  from space 5120K, 0% used [0x0000000797b00000,0x0000000797b00000,0x0000000798000000)
  to   space 5120K, 0% used [0x0000000797600000,0x0000000797600000,0x0000000797b00000)
 ParOldGen       total 87552K, used 0K [0x0000000740000000, 0x0000000745580000, 0x0000000795580000)
  object space 87552K, 0% used [0x0000000740000000,0x0000000740000000,0x0000000745580000)
 Metaspace       used 6577K, capacity 6737K, committed 6912K, reserved 1056768K
  class space    used 619K, capacity 703K, committed 768K, reserved 1048576K

Card table byte_map: [0x000000010b761000,0x000000010bb62000] byte_map_base: 0x0000000107d61000

Marking Bits: (ParMarkBitMap*) 0x000000010acefd20
 Begin Bits: [0x000000010be0d000, 0x000000010de0d000)
 End Bits:   [0x000000010de0d000, 0x000000010fe0d000)

Polling page: 0x0000000109b8a000

CodeCache: size=245760Kb used=2093Kb max_used=2104Kb free=243666Kb
 bounds [0x000000011917b000, 0x00000001193eb000, 0x000000012817b000]
 total_blobs=1122 nmethods=426 adapters=610
 compilation: enabled

Compilation events (10 events):
Event: 5.394 Thread 0x00007fff2803d800  421       4       org.lwjgl.system.ThreadLocalUtil$UnsafeState::get (34 bytes)
Event: 5.396 Thread 0x00007fff2803d800 nmethod 421 0x0000000119382750 code [0x00000001193828a0, 0x0000000119382958]
Event: 7.062 Thread 0x00007fff28801000  422       3       org.lwjgl.opengl.GL11::glEnd (23 bytes)
Event: 7.063 Thread 0x00007fff28801000 nmethod 422 0x0000000119387cd0 code [0x0000000119387ea0, 0x00000001193883f8]
Event: 7.064 Thread 0x00007fff28801000  424       3       org.lwjgl.glfw.GLFW::glfwSwapBuffers (21 bytes)
Event: 7.064 Thread 0x00007fff28801000 nmethod 424 0x0000000119387710 code [0x00000001193878a0, 0x0000000119387b78]
Event: 20.485 Thread 0x00007fff2803c000  425       4       org.lwjgl.glfw.GLFW::glfwGetKey (22 bytes)
Event: 20.487 Thread 0x00007fff2803c000 nmethod 425 0x00000001193820d0 code [0x0000000119382220, 0x00000001193822c8]
Event: 23.070 Thread 0x00007fff2803d800  426       4       org.lwjgl.opengl.GL11::glColor4f (30 bytes)
Event: 23.073 Thread 0x00007fff2803d800 nmethod 426 0x0000000119389f10 code [0x000000011938a080, 0x000000011938a1e8]

GC Heap History (0 events):
No events

Deoptimization events (0 events):
No events

Internal exceptions (8 events):
Event: 0.028 Thread 0x00007fff27800800 Exception <a 'java/lang/NoSuchMethodError': Method sun.misc.Unsafe.defineClass(Ljava/lang/String;[BII)Ljava/lang/Class; name or signature does not match> (0x0000000795587c78) thrown at [/Users/java_re/workspace/8-2-build-macosx-x86_64/jdk8u111/7883/hotspo
Event: 0.028 Thread 0x00007fff27800800 Exception <a 'java/lang/NoSuchMethodError': Method sun.misc.Unsafe.prefetchRead(Ljava/lang/Object;J)V name or signature does not match> (0x0000000795587f60) thrown at [/Users/java_re/workspace/8-2-build-macosx-x86_64/jdk8u111/7883/hotspot/src/share/vm/pri
Event: 0.155 Thread 0x00007fff27800800 Exception <a 'java/lang/NoSuchFieldError': method resolution failed> (0x00000007957fd450) thrown at [/Users/java_re/workspace/8-2-build-macosx-x86_64/jdk8u111/7883/hotspot/src/share/vm/prims/methodHandles.cpp, line 1146]
Event: 0.158 Thread 0x00007fff27800800 Exception <a 'java/lang/NoSuchFieldError': method resolution failed> (0x000000079580a7d0) thrown at [/Users/java_re/workspace/8-2-build-macosx-x86_64/jdk8u111/7883/hotspot/src/share/vm/prims/methodHandles.cpp, line 1146]
Event: 0.186 Thread 0x00007fff27800800 Exception <a 'java/security/PrivilegedActionException'> (0x00000007958b7e38) thrown at [/Users/java_re/workspace/8-2-build-macosx-x86_64/jdk8u111/7883/hotspot/src/share/vm/prims/jvm.cpp, line 1386]
Event: 0.186 Thread 0x00007fff27800800 Exception <a 'java/security/PrivilegedActionException'> (0x00000007958b8230) thrown at [/Users/java_re/workspace/8-2-build-macosx-x86_64/jdk8u111/7883/hotspot/src/share/vm/prims/jvm.cpp, line 1386]
Event: 0.187 Thread 0x00007fff27800800 Exception <a 'java/security/PrivilegedActionException'> (0x00000007958bb908) thrown at [/Users/java_re/workspace/8-2-build-macosx-x86_64/jdk8u111/7883/hotspot/src/share/vm/prims/jvm.cpp, line 1386]
Event: 0.187 Thread 0x00007fff27800800 Exception <a 'java/security/PrivilegedActionException'> (0x00000007958bbd00) thrown at [/Users/java_re/workspace/8-2-build-macosx-x86_64/jdk8u111/7883/hotspot/src/share/vm/prims/jvm.cpp, line 1386]

Events (10 events):
Event: 0.611 loading class org/lwjgl/opengl/EXTTimerQuery
Event: 0.611 loading class org/lwjgl/opengl/EXTTimerQuery done
Event: 0.612 loading class org/lwjgl/opengl/EXTTransformFeedback
Event: 0.612 loading class org/lwjgl/opengl/EXTTransformFeedback done
Event: 0.614 loading class org/lwjgl/opengl/NVConditionalRender
Event: 0.614 loading class org/lwjgl/opengl/NVConditionalRender done
Event: 0.617 loading class org/lwjgl/opengl/NVTextureBarrier
Event: 0.617 loading class org/lwjgl/opengl/NVTextureBarrier done
Event: 4.111 Executing VM operation: EnableBiasedLocking
Event: 4.112 Executing VM operation: EnableBiasedLocking done


Dynamic libraries:
0x000000002b838000 	/System/Library/Frameworks/Cocoa.framework/Versions/A/Cocoa
0x000000002b838000 	/System/Library/Frameworks/Security.framework/Versions/A/Security
0x000000002b838000 	/System/Library/Frameworks/ApplicationServices.framework/Versions/A/ApplicationServices
0x000000002b838000 	/usr/lib/libz.1.dylib
0x000000002b838000 	/usr/lib/libSystem.B.dylib
0x000000002b838000 	/usr/lib/libobjc.A.dylib
0x000000002b838000 	/System/Library/Frameworks/CoreFoundation.framework/Versions/A/CoreFoundation
0x000000002b838000 	/System/Library/Frameworks/Foundation.framework/Versions/C/Foundation
0x000000002b838000 	/System/Library/Frameworks/AppKit.framework/Versions/C/AppKit
0x000000002b838000 	/System/Library/Frameworks/CoreData.framework/Versions/A/CoreData
0x000000002b838000 	/System/Library/PrivateFrameworks/RemoteViewServices.framework/Versions/A/RemoteViewServices
0x000000002b838000 	/System/Library/PrivateFrameworks/UIFoundation.framework/Versions/A/UIFoundation
0x000000002b838000 	/System/Library/PrivateFrameworks/DFRFoundation.framework/Versions/A/DFRFoundation
0x000000002b838000 	/usr/lib/libenergytrace.dylib
0x000000002b838000 	/System/Library/PrivateFrameworks/SkyLight.framework/Versions/A/SkyLight
0x000000002b838000 	/System/Library/Frameworks/CoreGraphics.framework/Versions/A/CoreGraphics
0x000000002b838000 	/usr/lib/libScreenReader.dylib
0x000000002b838000 	/System/Library/Frameworks/Accelerate.framework/Versions/A/Accelerate
0x000000002b838000 	/System/Library/Frameworks/IOSurface.framework/Versions/A/IOSurface
0x000000002b838000 	/System/Library/Frameworks/AudioToolbox.framework/Versions/A/AudioToolbox
0x000000002b838000 	/System/Library/Frameworks/AudioUnit.framework/Versions/A/AudioUnit
0x000000002b838000 	/System/Library/PrivateFrameworks/DataDetectorsCore.framework/Versions/A/DataDetectorsCore
0x000000002b838000 	/System/Library/PrivateFrameworks/DesktopServicesPriv.framework/Versions/A/DesktopServicesPriv
0x000000002b838000 	/System/Library/Frameworks/Carbon.framework/Versions/A/Frameworks/HIToolbox.framework/Versions/A/HIToolbox
0x000000002b838000 	/usr/lib/libicucore.A.dylib
0x000000002b838000 	/System/Library/Frameworks/QuartzCore.framework/Versions/A/QuartzCore
0x000000002b838000 	/System/Library/Frameworks/Carbon.framework/Versions/A/Frameworks/SpeechRecognition.framework/Versions/A/SpeechRecognition
0x000000002b838000 	/usr/lib/libauto.dylib
0x000000002b838000 	/usr/lib/libxml2.2.dylib
0x000000002b838000 	/System/Library/PrivateFrameworks/CoreUI.framework/Versions/A/CoreUI
0x000000002b838000 	/System/Library/Frameworks/CoreAudio.framework/Versions/A/CoreAudio
0x000000002b838000 	/System/Library/Frameworks/DiskArbitration.framework/Versions/A/DiskArbitration
0x000000002b838000 	/usr/lib/liblangid.dylib
0x000000002b838000 	/System/Library/PrivateFrameworks/MultitouchSupport.framework/Versions/A/MultitouchSupport
0x000000002b838000 	/System/Library/Frameworks/IOKit.framework/Versions/A/IOKit
0x000000002b838000 	/usr/lib/libDiagnosticMessagesClient.dylib
0x000000002b838000 	/System/Library/Frameworks/CoreServices.framework/Versions/A/CoreServices
0x000000002b838000 	/System/Library/PrivateFrameworks/PerformanceAnalysis.framework/Versions/A/PerformanceAnalysis
0x000000002b838000 	/System/Library/PrivateFrameworks/GenerationalStorage.framework/Versions/A/GenerationalStorage
0x000000002b838000 	/System/Library/Frameworks/OpenGL.framework/Versions/A/OpenGL
0x000000002b838000 	/System/Library/Frameworks/CoreImage.framework/Versions/A/CoreImage
0x000000002b838000 	/System/Library/Frameworks/CoreText.framework/Versions/A/CoreText
0x000000002b838000 	/System/Library/Frameworks/ImageIO.framework/Versions/A/ImageIO
0x000000002b838000 	/System/Library/PrivateFrameworks/Backup.framework/Versions/A/Backup
0x000000002b838000 	/usr/lib/libarchive.2.dylib
0x000000002b838000 	/System/Library/Frameworks/CFNetwork.framework/Versions/A/CFNetwork
0x000000002b838000 	/System/Library/Frameworks/SystemConfiguration.framework/Versions/A/SystemConfiguration
0x000000002b838000 	/usr/lib/libCRFSuite.dylib
0x000000002b838000 	/usr/lib/libc++.1.dylib
0x000000002b838000 	/usr/lib/libc++abi.dylib
0x000000002b838000 	/usr/lib/system/libcache.dylib
0x000000002b838000 	/usr/lib/system/libcommonCrypto.dylib
0x000000002b838000 	/usr/lib/system/libcompiler_rt.dylib
0x000000002b838000 	/usr/lib/system/libcopyfile.dylib
0x000000002b838000 	/usr/lib/system/libcorecrypto.dylib
0x000000002b838000 	/usr/lib/system/libdispatch.dylib
0x000000002b838000 	/usr/lib/system/libdyld.dylib
0x000000002b838000 	/usr/lib/system/libkeymgr.dylib
0x000000002b838000 	/usr/lib/system/liblaunch.dylib
0x000000002b838000 	/usr/lib/system/libmacho.dylib
0x000000002b838000 	/usr/lib/system/libquarantine.dylib
0x000000002b838000 	/usr/lib/system/libremovefile.dylib
0x000000002b838000 	/usr/lib/system/libsystem_asl.dylib
0x000000002b838000 	/usr/lib/system/libsystem_blocks.dylib
0x000000002b838000 	/usr/lib/system/libsystem_c.dylib
0x000000002b838000 	/usr/lib/system/libsystem_configuration.dylib
0x000000002b838000 	/usr/lib/system/libsystem_coreservices.dylib
0x000000002b838000 	/usr/lib/system/libsystem_coretls.dylib
0x000000002b838000 	/usr/lib/system/libsystem_dnssd.dylib
0x000000002b838000 	/usr/lib/system/libsystem_info.dylib
0x000000002b838000 	/usr/lib/system/libsystem_kernel.dylib
0x000000002b838000 	/usr/lib/system/libsystem_m.dylib
0x000000002b838000 	/usr/lib/system/libsystem_malloc.dylib
0x000000002b838000 	/usr/lib/system/libsystem_network.dylib
0x000000002b838000 	/usr/lib/system/libsystem_networkextension.dylib
0x000000002b838000 	/usr/lib/system/libsystem_notify.dylib
0x000000002b838000 	/usr/lib/system/libsystem_platform.dylib
0x000000002b838000 	/usr/lib/system/libsystem_pthread.dylib
0x000000002b838000 	/usr/lib/system/libsystem_sandbox.dylib
0x000000002b838000 	/usr/lib/system/libsystem_secinit.dylib
0x000000002b838000 	/usr/lib/system/libsystem_symptoms.dylib
0x000000002b838000 	/usr/lib/system/libsystem_trace.dylib
0x000000002b838000 	/usr/lib/system/libunwind.dylib
0x000000002b838000 	/usr/lib/system/libxpc.dylib
0x000000002b838000 	/usr/lib/libbsm.0.dylib
0x000000002b838000 	/usr/lib/system/libkxld.dylib
0x000000002b838000 	/usr/lib/libcoretls.dylib
0x000000002b838000 	/usr/lib/libcoretls_cfhelpers.dylib
0x000000002b838000 	/usr/lib/libxar.1.dylib
0x000000002b838000 	/usr/lib/libsqlite3.dylib
0x000000002b838000 	/usr/lib/libpam.2.dylib
0x000000002b838000 	/usr/lib/libOpenScriptingUtil.dylib
0x000000002b838000 	/usr/lib/libbz2.1.0.dylib
0x000000002b838000 	/usr/lib/liblzma.5.dylib
0x000000002b838000 	/usr/lib/libnetwork.dylib
0x000000002b838000 	/usr/lib/libpcap.A.dylib
0x000000002b838000 	/System/Library/Frameworks/CoreServices.framework/Versions/A/Frameworks/FSEvents.framework/Versions/A/FSEvents
0x000000002b838000 	/System/Library/Frameworks/CoreServices.framework/Versions/A/Frameworks/CarbonCore.framework/Versions/A/CarbonCore
0x000000002b838000 	/System/Library/Frameworks/CoreServices.framework/Versions/A/Frameworks/Metadata.framework/Versions/A/Metadata
0x000000002b838000 	/System/Library/Frameworks/CoreServices.framework/Versions/A/Frameworks/OSServices.framework/Versions/A/OSServices
0x000000002b838000 	/System/Library/Frameworks/CoreServices.framework/Versions/A/Frameworks/SearchKit.framework/Versions/A/SearchKit
0x000000002b838000 	/System/Library/Frameworks/CoreServices.framework/Versions/A/Frameworks/AE.framework/Versions/A/AE
0x000000002b838000 	/System/Library/Frameworks/CoreServices.framework/Versions/A/Frameworks/LaunchServices.framework/Versions/A/LaunchServices
0x000000002b838000 	/System/Library/Frameworks/CoreServices.framework/Versions/A/Frameworks/DictionaryServices.framework/Versions/A/DictionaryServices
0x000000002b838000 	/System/Library/Frameworks/CoreServices.framework/Versions/A/Frameworks/SharedFileList.framework/Versions/A/SharedFileList
0x000000002b838000 	/System/Library/Frameworks/NetFS.framework/Versions/A/NetFS
0x000000002b838000 	/System/Library/PrivateFrameworks/NetAuth.framework/Versions/A/NetAuth
0x000000002b838000 	/System/Library/PrivateFrameworks/login.framework/Versions/A/Frameworks/loginsupport.framework/Versions/A/loginsupport
0x000000002b838000 	/System/Library/PrivateFrameworks/TCC.framework/Versions/A/TCC
0x000000002b838000 	/usr/lib/libmecabra.dylib
0x000000002b838000 	/System/Library/Frameworks/ApplicationServices.framework/Versions/A/Frameworks/ATS.framework/Versions/A/ATS
0x000000002b838000 	/System/Library/Frameworks/ApplicationServices.framework/Versions/A/Frameworks/ColorSync.framework/Versions/A/ColorSync
0x000000002b838000 	/System/Library/Frameworks/ApplicationServices.framework/Versions/A/Frameworks/HIServices.framework/Versions/A/HIServices
0x000000002b838000 	/System/Library/Frameworks/ApplicationServices.framework/Versions/A/Frameworks/LangAnalysis.framework/Versions/A/LangAnalysis
0x000000002b838000 	/System/Library/Frameworks/ApplicationServices.framework/Versions/A/Frameworks/PrintCore.framework/Versions/A/PrintCore
0x000000002b838000 	/System/Library/Frameworks/ApplicationServices.framework/Versions/A/Frameworks/QD.framework/Versions/A/QD
0x000000002b838000 	/System/Library/Frameworks/ApplicationServices.framework/Versions/A/Frameworks/SpeechSynthesis.framework/Versions/A/SpeechSynthesis
0x000000002b838000 	/System/Library/Frameworks/Accelerate.framework/Versions/A/Frameworks/vImage.framework/Versions/A/vImage
0x000000002b838000 	/System/Library/Frameworks/Accelerate.framework/Versions/A/Frameworks/vecLib.framework/Versions/A/vecLib
0x000000002b838000 	/System/Library/Frameworks/Accelerate.framework/Versions/A/Frameworks/vecLib.framework/Versions/A/libvDSP.dylib
0x000000002b838000 	/System/Library/Frameworks/Accelerate.framework/Versions/A/Frameworks/vecLib.framework/Versions/A/libBNNS.dylib
0x000000002b838000 	/System/Library/Frameworks/Accelerate.framework/Versions/A/Frameworks/vecLib.framework/Versions/A/libQuadrature.dylib
0x000000002b838000 	/System/Library/Frameworks/Accelerate.framework/Versions/A/Frameworks/vecLib.framework/Versions/A/libvMisc.dylib
0x000000002b838000 	/System/Library/Frameworks/Accelerate.framework/Versions/A/Frameworks/vecLib.framework/Versions/A/libLAPACK.dylib
0x000000002b838000 	/System/Library/Frameworks/Accelerate.framework/Versions/A/Frameworks/vecLib.framework/Versions/A/libBLAS.dylib
0x000000002b838000 	/System/Library/Frameworks/Accelerate.framework/Versions/A/Frameworks/vecLib.framework/Versions/A/libLinearAlgebra.dylib
0x000000002b838000 	/System/Library/Frameworks/Accelerate.framework/Versions/A/Frameworks/vecLib.framework/Versions/A/libSparseBLAS.dylib
0x000000002b838000 	/System/Library/Frameworks/ApplicationServices.framework/Versions/A/Frameworks/ATS.framework/Versions/A/Resources/libFontParser.dylib
0x000000002b838000 	/System/Library/Frameworks/ApplicationServices.framework/Versions/A/Frameworks/ATS.framework/Versions/A/Resources/libFontRegistry.dylib
0x000000002b838000 	/System/Library/Frameworks/ImageIO.framework/Versions/A/Resources/libJPEG.dylib
0x000000002b838000 	/System/Library/Frameworks/ImageIO.framework/Versions/A/Resources/libTIFF.dylib
0x000000002b838000 	/System/Library/Frameworks/ImageIO.framework/Versions/A/Resources/libPng.dylib
0x000000002b838000 	/System/Library/Frameworks/ImageIO.framework/Versions/A/Resources/libGIF.dylib
0x000000002b838000 	/System/Library/Frameworks/ImageIO.framework/Versions/A/Resources/libJP2.dylib
0x000000002b838000 	/System/Library/Frameworks/ImageIO.framework/Versions/A/Resources/libRadiance.dylib
0x000000002b838000 	/usr/lib/libcompression.dylib
0x000000002b838000 	/System/Library/PrivateFrameworks/AppleJPEG.framework/Versions/A/AppleJPEG
0x000000002b838000 	/usr/lib/libcups.2.dylib
0x000000002b838000 	/System/Library/Frameworks/Kerberos.framework/Versions/A/Kerberos
0x000000002b838000 	/System/Library/Frameworks/GSS.framework/Versions/A/GSS
0x000000002b838000 	/usr/lib/libresolv.9.dylib
0x000000002b838000 	/usr/lib/libiconv.2.dylib
0x000000002b838000 	/System/Library/PrivateFrameworks/Heimdal.framework/Versions/A/Heimdal
0x000000002b838000 	/usr/lib/libheimdal-asn1.dylib
0x000000002b838000 	/System/Library/Frameworks/OpenDirectory.framework/Versions/A/OpenDirectory
0x000000002b838000 	/System/Library/PrivateFrameworks/CommonAuth.framework/Versions/A/CommonAuth
0x000000002b838000 	/System/Library/Frameworks/OpenDirectory.framework/Versions/A/Frameworks/CFOpenDirectory.framework/Versions/A/CFOpenDirectory
0x000000002b838000 	/System/Library/Frameworks/SecurityFoundation.framework/Versions/A/SecurityFoundation
0x000000002b838000 	/System/Library/PrivateFrameworks/LanguageModeling.framework/Versions/A/LanguageModeling
0x000000002b838000 	/usr/lib/libmarisa.dylib
0x000000002b838000 	/usr/lib/libChineseTokenizer.dylib
0x000000002b838000 	/usr/lib/libcmph.dylib
0x000000002b838000 	/System/Library/PrivateFrameworks/CoreEmoji.framework/Versions/A/CoreEmoji
0x000000002b838000 	/System/Library/Frameworks/ServiceManagement.framework/Versions/A/ServiceManagement
0x000000002b838000 	/usr/lib/libxslt.1.dylib
0x000000002b838000 	/System/Library/Frameworks/Carbon.framework/Versions/A/Frameworks/Ink.framework/Versions/A/Ink
0x000000002b838000 	/System/Library/PrivateFrameworks/TextureIO.framework/Versions/A/TextureIO
0x000000002b838000 	/System/Library/Frameworks/Metal.framework/Versions/A/Metal
0x000000002b838000 	/usr/lib/libate.dylib
0x000000002b838000 	/System/Library/PrivateFrameworks/GPUCompiler.framework/libmetal_timestamp.dylib
0x000000002b838000 	/System/Library/Frameworks/OpenGL.framework/Versions/A/Libraries/libCoreFSCache.dylib
0x000000002b838000 	/System/Library/PrivateFrameworks/IOAccelerator.framework/Versions/A/IOAccelerator
0x000000002b838000 	/System/Library/Frameworks/CoreVideo.framework/Versions/A/CoreVideo
0x000000002b838000 	/usr/lib/libFosl_dynamic.dylib
0x000000002b838000 	/System/Library/PrivateFrameworks/MetalPerformanceShaders.framework/Versions/A/MetalPerformanceShaders
0x000000002b838000 	/System/Library/PrivateFrameworks/FaceCore.framework/Versions/A/FaceCore
0x000000002b838000 	/System/Library/Frameworks/OpenCL.framework/Versions/A/OpenCL
0x000000002b838000 	/System/Library/Frameworks/OpenGL.framework/Versions/A/Libraries/libGLU.dylib
0x000000002b838000 	/System/Library/Frameworks/OpenGL.framework/Versions/A/Libraries/libGFXShared.dylib
0x000000002b838000 	/System/Library/Frameworks/OpenGL.framework/Versions/A/Libraries/libGL.dylib
0x000000002b838000 	/System/Library/Frameworks/OpenGL.framework/Versions/A/Libraries/libGLImage.dylib
0x000000002b838000 	/System/Library/Frameworks/OpenGL.framework/Versions/A/Libraries/libCVMSPluginSupport.dylib
0x000000002b838000 	/System/Library/Frameworks/OpenGL.framework/Versions/A/Libraries/libCoreVMClient.dylib
0x000000002b838000 	/System/Library/PrivateFrameworks/CrashReporterSupport.framework/Versions/A/CrashReporterSupport
0x000000002b838000 	/System/Library/PrivateFrameworks/Sharing.framework/Versions/A/Sharing
0x000000002b838000 	/System/Library/PrivateFrameworks/IconServices.framework/Versions/A/IconServices
0x000000002b838000 	/System/Library/PrivateFrameworks/ProtocolBuffer.framework/Versions/A/ProtocolBuffer
0x000000002b838000 	/System/Library/PrivateFrameworks/Apple80211.framework/Versions/A/Apple80211
0x000000002b838000 	/System/Library/Frameworks/CoreWLAN.framework/Versions/A/CoreWLAN
0x000000002b838000 	/System/Library/PrivateFrameworks/CoreUtils.framework/Versions/A/CoreUtils
0x000000002b838000 	/System/Library/Frameworks/IOBluetooth.framework/Versions/A/IOBluetooth
0x000000002b838000 	/System/Library/PrivateFrameworks/CoreWiFi.framework/Versions/A/CoreWiFi
0x000000002b838000 	/System/Library/Frameworks/CoreBluetooth.framework/Versions/A/CoreBluetooth
0x000000002b838000 	/System/Library/Frameworks/CoreDisplay.framework/Versions/A/CoreDisplay
0x000000002b838000 	/System/Library/PrivateFrameworks/IOPresentment.framework/Versions/A/IOPresentment
0x000000002b838000 	/System/Library/PrivateFrameworks/DebugSymbols.framework/Versions/A/DebugSymbols
0x000000002b838000 	/System/Library/PrivateFrameworks/CoreSymbolication.framework/Versions/A/CoreSymbolication
0x000000002b838000 	/System/Library/PrivateFrameworks/Symbolication.framework/Versions/A/Symbolication
0x000000002b838000 	/System/Library/PrivateFrameworks/AppleFSCompression.framework/Versions/A/AppleFSCompression
0x000000002b838000 	/System/Library/PrivateFrameworks/SpeechRecognitionCore.framework/Versions/A/SpeechRecognitionCore
0x000000002b838000 	/System/Library/PrivateFrameworks/ChunkingLibrary.framework/Versions/A/ChunkingLibrary
0x000000010a400000 	/Library/Java/JavaVirtualMachines/jdk1.8.0_111.jdk/Contents/Home/jre/lib/server/libjvm.dylib
0x0000000109a8d000 	/usr/lib/libstdc++.6.dylib
0x0000000109b47000 	/Library/Java/JavaVirtualMachines/jdk1.8.0_111.jdk/Contents/Home/jre/lib/libverify.dylib
0x0000000109b55000 	/Library/Java/JavaVirtualMachines/jdk1.8.0_111.jdk/Contents/Home/jre/lib/libjava.dylib
0x0000000109b93000 	/Library/Java/JavaVirtualMachines/jdk1.8.0_111.jdk/Contents/Home/jre/lib/libzip.dylib
0x0000000111cb4000 	/System/Library/Frameworks/JavaVM.framework/Frameworks/JavaRuntimeSupport.framework/JavaRuntimeSupport
0x0000000111cce000 	/System/Library/Frameworks/JavaVM.framework/Versions/A/Frameworks/JavaNativeFoundation.framework/Versions/A/JavaNativeFoundation
0x0000000109bed000 	/System/Library/Frameworks/JavaVM.framework/Versions/A/JavaVM
0x000000002b838000 	/System/Library/Frameworks/Carbon.framework/Versions/A/Carbon
0x0000000111ce3000 	/System/Library/PrivateFrameworks/JavaLaunching.framework/Versions/A/JavaLaunching
0x000000002b838000 	/System/Library/Frameworks/Carbon.framework/Versions/A/Frameworks/CommonPanels.framework/Versions/A/CommonPanels
0x000000002b838000 	/System/Library/Frameworks/Carbon.framework/Versions/A/Frameworks/Help.framework/Versions/A/Help
0x000000002b838000 	/System/Library/Frameworks/Carbon.framework/Versions/A/Frameworks/ImageCapture.framework/Versions/A/ImageCapture
0x000000002b838000 	/System/Library/Frameworks/Carbon.framework/Versions/A/Frameworks/OpenScripting.framework/Versions/A/OpenScripting
0x000000002b838000 	/System/Library/Frameworks/Carbon.framework/Versions/A/Frameworks/Print.framework/Versions/A/Print
0x000000002b838000 	/System/Library/Frameworks/Carbon.framework/Versions/A/Frameworks/SecurityHI.framework/Versions/A/SecurityHI
0x0000000113610000 	/Users/sabiralizadeh/git/GP_Marble/MarbleFun/lib/native/liblwjgl.dylib
0x00000001137bd000 	/Users/sabiralizadeh/git/GP_Marble/MarbleFun/lib/native/libglfw.dylib
0x000000002b838000 	/System/Library/PrivateFrameworks/CoreServicesInternal.framework/Versions/A/CoreServicesInternal
0x000000002b838000 	/System/Library/PrivateFrameworks/FamilyControls.framework/Versions/A/FamilyControls
0x000000002b838000 	/System/Library/PrivateFrameworks/CommerceKit.framework/Versions/A/Frameworks/CommerceCore.framework/Versions/A/CommerceCore
0x000000002b838000 	/System/Library/PrivateFrameworks/SystemAdministration.framework/Versions/A/SystemAdministration
0x000000002b838000 	/System/Library/PrivateFrameworks/AppContainer.framework/Versions/A/AppContainer
0x000000002b838000 	/System/Library/PrivateFrameworks/SecCodeWrapper.framework/Versions/A/SecCodeWrapper
0x000000002b838000 	/System/Library/Frameworks/DirectoryService.framework/Versions/A/DirectoryService
0x000000002b838000 	/System/Library/PrivateFrameworks/DiskImages.framework/Versions/A/DiskImages
0x000000002b838000 	/System/Library/PrivateFrameworks/LoginUIKit.framework/Versions/A/Frameworks/LoginUICore.framework/Versions/A/LoginUICore
0x000000002b838000 	/usr/lib/libCoreStorage.dylib
0x000000002b838000 	/usr/lib/libcsfde.dylib
0x000000002b838000 	/usr/lib/libodfde.dylib
0x000000002b838000 	/System/Library/Frameworks/DiscRecording.framework/Versions/A/DiscRecording
0x000000002b838000 	/usr/lib/libcurl.4.dylib
0x000000002b838000 	/System/Library/PrivateFrameworks/MediaKit.framework/Versions/A/MediaKit
0x000000002b838000 	/System/Library/PrivateFrameworks/ProtectedCloudStorage.framework/Versions/A/ProtectedCloudStorage
0x000000002b838000 	/System/Library/PrivateFrameworks/EFILogin.framework/Versions/A/EFILogin
0x000000002b838000 	/usr/lib/libutil.dylib
0x000000002b838000 	/System/Library/Frameworks/LDAP.framework/Versions/A/LDAP
0x000000002b838000 	/usr/lib/libsasl2.2.dylib
0x000000002b838000 	/System/Library/PrivateFrameworks/CoreDaemon.framework/Versions/B/CoreDaemon
0x000000002b838000 	/System/Library/PrivateFrameworks/AppleSRP.framework/Versions/A/AppleSRP
0x000000002b838000 	/System/Library/PrivateFrameworks/APFS.framework/Versions/A/APFS
0x0000000114b19000 	/System/Library/Frameworks/Accelerate.framework/Frameworks/vImage.framework/Versions/A/Libraries/libCGInterfaces.dylib
0x00000001152c9000 	/System/Library/Frameworks/OpenGL.framework/Resources/GLEngine.bundle/GLEngine
0x00000001154ad000 	/System/Library/Frameworks/OpenGL.framework/Versions/A/Libraries/libGLProgrammability.dylib
0x00000001158db000 	/System/Library/Extensions/AppleIntelBDWGraphicsGLDriver.bundle/Contents/MacOS/AppleIntelBDWGraphicsGLDriver
0x000000002b838000 	/System/Library/PrivateFrameworks/GPUSupport.framework/Versions/A/Libraries/libGPUSupportMercury.dylib
0x0000000116037000 	/System/Library/Frameworks/OpenGL.framework/Resources//GLRendererFloat.bundle/GLRendererFloat
0x000000002b838000 	/System/Library/Frameworks/OpenCL.framework/Versions/A/Libraries/libcldcpuengine.dylib
0x000000002b838000 	/usr/lib/libcrypto.0.9.8.dylib
0x000000002b838000 	/System/Library/PrivateFrameworks/TrustEvaluationAgent.framework/Versions/A/TrustEvaluationAgent
0x000000002b838000 	/System/Library/Frameworks/ApplicationServices.framework/Versions/A/Frameworks/ATS.framework/Versions/A/Resources/libTrueTypeScaler.dylib
0x00000001180eb000 	/System/Library/Extensions/AppleIntelBDWGraphicsMTLDriver.bundle/Contents/MacOS/AppleIntelBDWGraphicsMTLDriver
0x000000002b838000 	/System/Library/PrivateFrameworks/ViewBridge.framework/Versions/A/ViewBridge
0x000000002b838000 	/System/Library/PrivateFrameworks/XPCService.framework/Versions/A/XPCService
0x000000002b838000 	/System/Library/PrivateFrameworks/AppSandbox.framework/Versions/A/AppSandbox
0x000000002b838000 	/usr/lib/libsandbox.1.dylib
0x000000002b838000 	/usr/lib/libMatch.1.dylib

VM Arguments:
jvm_args: -Djava.library.path=/Users/sabiralizadeh/git/GP_Marble/MarbleFun/lib/native -Dfile.encoding=UTF-8 
java_command: Game.Sabir.Main
java_class_path (initial): /Users/sabiralizadeh/git/GP_Marble/MarbleFun/bin:/Users/sabiralizadeh/Documents/workspace/lib/jar/lwjgl.jar
Launcher Type: SUN_STANDARD

Environment Variables:
PATH=/usr/bin:/bin:/usr/sbin:/sbin
SHELL=/bin/bash

Signal Handlers:
SIGSEGV: [libjvm.dylib+0x5b03ed], sa_mask[0]=11111111011111110111111111111111, sa_flags=SA_ONSTACK|SA_RESTART|SA_SIGINFO
SIGBUS: [libjvm.dylib+0x5b03ed], sa_mask[0]=11111111011111110111111111111111, sa_flags=SA_RESTART|SA_SIGINFO
SIGFPE: [libjvm.dylib+0x48711c], sa_mask[0]=11111111011111110111111111111111, sa_flags=SA_RESTART|SA_SIGINFO
SIGPIPE: [libjvm.dylib+0x48711c], sa_mask[0]=11111111011111110111111111111111, sa_flags=SA_RESTART|SA_SIGINFO
SIGXFSZ: [libjvm.dylib+0x48711c], sa_mask[0]=11111111011111110111111111111111, sa_flags=SA_RESTART|SA_SIGINFO
SIGILL: [libjvm.dylib+0x48711c], sa_mask[0]=11111111011111110111111111111111, sa_flags=SA_RESTART|SA_SIGINFO
SIGUSR1: SIG_DFL, sa_mask[0]=00000000000000000000000000000000, sa_flags=none
SIGUSR2: [libjvm.dylib+0x486c3a], sa_mask[0]=00100000000000000000000000000000, sa_flags=SA_RESTART|SA_SIGINFO
SIGHUP: [libjvm.dylib+0x485211], sa_mask[0]=11111111011111110111111111111111, sa_flags=SA_RESTART|SA_SIGINFO
SIGINT: [libjvm.dylib+0x485211], sa_mask[0]=11111111011111110111111111111111, sa_flags=SA_RESTART|SA_SIGINFO
SIGTERM: [libjvm.dylib+0x485211], sa_mask[0]=11111111011111110111111111111111, sa_flags=SA_RESTART|SA_SIGINFO
SIGQUIT: [libjvm.dylib+0x485211], sa_mask[0]=11111111011111110111111111111111, sa_flags=SA_RESTART|SA_SIGINFO


---------------  S Y S T E M  ---------------

OS:Bsduname:Darwin 16.3.0 Darwin Kernel Version 16.3.0: Thu Nov 17 20:23:58 PST 2016; root:xnu-3789.31.2~1/RELEASE_X86_64 x86_64
rlimit: STACK 8192k, CORE 0k, NPROC 709, NOFILE 10240, AS infinity
load average:2.24 2.01 1.97

CPU:total 4 (2 cores per cpu, 2 threads per core) family 6 model 61 stepping 4, cmov, cx8, fxsr, mmx, sse, sse2, sse3, ssse3, sse4.1, sse4.2, popcnt, avx, avx2, aes, clmul, erms, 3dnowpref, lzcnt, ht, tsc, tscinvbit, bmi1, bmi2, adx

Memory: 4k page, physical 8388608k(46880k free)

/proc/meminfo:


vm_info: Java HotSpot(TM) 64-Bit Server VM (25.111-b14) for bsd-amd64 JRE (1.8.0_111-b14), built on Sep 22 2016 15:31:41 by "java_re" with gcc 4.2.1 (Based on Apple Inc. build 5658) (LLVM build 2336.11.00)

time: Fri Dec 16 02:17:28 2016
elapsed time: 26 seconds (0d 0h 0m 26s)

